{"/home/sp/web_application/getBookDetails.js":{"path":"/home/sp/web_application/getBookDetails.js","s":{"1":1,"2":3,"3":6,"4":3,"5":1,"6":2,"7":1},"b":{"1":[1,2]},"f":{"1":3},"fnMap":{"1":{"name":"getBookDetails","line":3,"loc":{"start":{"line":3,"column":0},"end":{"line":3,"column":41}}}},"statementMap":{"1":{"start":{"line":3,"column":0},"end":{"line":9,"column":1}},"2":{"start":{"line":4,"column":2},"end":{"line":4,"column":68}},"3":{"start":{"line":4,"column":47},"end":{"line":4,"column":66}},"4":{"start":{"line":5,"column":2},"end":{"line":7,"column":3}},"5":{"start":{"line":6,"column":4},"end":{"line":6,"column":23}},"6":{"start":{"line":8,"column":2},"end":{"line":8,"column":17}},"7":{"start":{"line":11,"column":0},"end":{"line":11,"column":32}}},"branchMap":{"1":{"line":5,"type":"if","locations":[{"start":{"line":5,"column":2},"end":{"line":5,"column":2}},{"start":{"line":5,"column":2},"end":{"line":5,"column":2}}]}}},"/home/sp/web_application/getAuthorDetails.js":{"path":"/home/sp/web_application/getAuthorDetails.js","s":{"1":1,"2":3,"3":6,"4":3,"5":1,"6":2,"7":1},"b":{"1":[1,2]},"f":{},"fnMap":{},"statementMap":{"1":{"start":{"line":3,"column":0},"end":{"line":9,"column":2}},"2":{"start":{"line":4,"column":2},"end":{"line":4,"column":73}},"3":{"start":{"line":4,"column":54},"end":{"line":4,"column":71}},"4":{"start":{"line":5,"column":2},"end":{"line":7,"column":3}},"5":{"start":{"line":6,"column":4},"end":{"line":6,"column":23}},"6":{"start":{"line":8,"column":2},"end":{"line":8,"column":19}},"7":{"start":{"line":11,"column":0},"end":{"line":11,"column":34}}},"branchMap":{"1":{"line":5,"type":"if","locations":[{"start":{"line":5,"column":2},"end":{"line":5,"column":2}},{"start":{"line":5,"column":2},"end":{"line":5,"column":2}}]}}}}