{"/home/sp/web_application/config/db_config.js":{"path":"/home/sp/web_application/config/db_config.js","s":{"1":1,"2":1},"b":{},"f":{},"fnMap":{},"statementMap":{"1":{"start":{"line":1,"column":0},"end":{"line":6,"column":2}},"2":{"start":{"line":8,"column":0},"end":{"line":10,"column":2}}},"branchMap":{}},"/home/sp/web_application/models/user.js":{"path":"/home/sp/web_application/models/user.js","s":{"1":1,"2":1,"3":1},"b":{},"f":{},"fnMap":{},"statementMap":{"1":{"start":{"line":1,"column":0},"end":{"line":1,"column":37}},"2":{"start":{"line":3,"column":0},"end":{"line":8,"column":3}},"3":{"start":{"line":10,"column":0},"end":{"line":10,"column":52}}},"branchMap":{}},"/home/sp/web_application/server.js":{"path":"/home/sp/web_application/server.js","s":{"1":1,"2":1,"3":1,"4":1,"5":1,"6":1,"7":1,"8":1,"9":1,"10":1,"11":1,"12":1,"13":1,"14":1,"15":1,"16":1,"17":1,"18":1,"19":1,"20":1,"21":1,"22":1,"23":1,"24":1},"b":{"1":[1,0]},"f":{},"fnMap":{},"statementMap":{"1":{"start":{"line":1,"column":0},"end":{"line":1,"column":35}},"2":{"start":{"line":2,"column":0},"end":{"line":2,"column":43}},"3":{"start":{"line":3,"column":0},"end":{"line":3,"column":42}},"4":{"start":{"line":4,"column":0},"end":{"line":4,"column":45}},"5":{"start":{"line":6,"column":0},"end":{"line":6,"column":58}},"6":{"start":{"line":7,"column":0},"end":{"line":7,"column":64}},"7":{"start":{"line":8,"column":0},"end":{"line":8,"column":53}},"8":{"start":{"line":9,"column":0},"end":{"line":9,"column":45}},"9":{"start":{"line":10,"column":0},"end":{"line":10,"column":60}},"10":{"start":{"line":12,"column":0},"end":{"line":12,"column":22}},"11":{"start":{"line":14,"column":0},"end":{"line":14,"column":34}},"12":{"start":{"line":16,"column":0},"end":{"line":16,"column":30}},"13":{"start":{"line":19,"column":0},"end":{"line":19,"column":51}},"14":{"start":{"line":21,"column":0},"end":{"line":25,"column":4}},"15":{"start":{"line":27,"column":0},"end":{"line":27,"column":31}},"16":{"start":{"line":30,"column":0},"end":{"line":30,"column":27}},"17":{"start":{"line":32,"column":0},"end":{"line":32,"column":19}},"18":{"start":{"line":33,"column":0},"end":{"line":33,"column":21}},"19":{"start":{"line":34,"column":0},"end":{"line":34,"column":19}},"20":{"start":{"line":35,"column":0},"end":{"line":35,"column":16}},"21":{"start":{"line":37,"column":0},"end":{"line":37,"column":38}},"22":{"start":{"line":39,"column":0},"end":{"line":41,"column":3}},"23":{"start":{"line":40,"column":2},"end":{"line":40,"column":54}},"24":{"start":{"line":43,"column":0},"end":{"line":43,"column":24}}},"branchMap":{"1":{"line":37,"type":"binary-expr","locations":[{"start":{"line":37,"column":13},"end":{"line":37,"column":29}},{"start":{"line":37,"column":33},"end":{"line":37,"column":37}}]}}},"/home/sp/web_application/config/logger.js":{"path":"/home/sp/web_application/config/logger.js","s":{"1":1,"2":1,"3":42,"4":1},"b":{},"f":{},"fnMap":{},"statementMap":{"1":{"start":{"line":2,"column":0},"end":{"line":2,"column":64}},"2":{"start":{"line":5,"column":0},"end":{"line":15,"column":3}},"3":{"start":{"line":12,"column":26},"end":{"line":12,"column":76}},"4":{"start":{"line":17,"column":0},"end":{"line":17,"column":24}}},"branchMap":{}},"/home/sp/web_application/routes/common/middleware.js":{"path":"/home/sp/web_application/routes/common/middleware.js","s":{"1":1,"2":1,"3":1,"4":14,"5":7,"6":7,"7":7,"8":1,"9":0,"10":0,"11":0,"12":0,"13":0,"14":0,"15":0,"16":0,"17":0,"18":0,"19":1,"20":41,"21":41,"22":1,"23":41,"24":41,"25":1,"26":22,"27":22,"28":1,"29":1,"30":1,"31":2,"32":1,"33":21,"34":1},"b":{"1":[7,7],"2":[0,0],"3":[0,0],"4":[1,21]},"f":{"1":14,"2":0,"3":41,"4":41,"5":22},"fnMap":{"1":{"name":"redirectLoginPage","line":4,"loc":{"start":{"line":4,"column":0},"end":{"line":4,"column":43}}},"2":{"name":"validate","line":11,"loc":{"start":{"line":11,"column":0},"end":{"line":11,"column":34}}},"3":{"name":"cacheClear","line":25,"loc":{"start":{"line":25,"column":0},"end":{"line":25,"column":36}}},"4":{"name":"log","line":30,"loc":{"start":{"line":30,"column":0},"end":{"line":30,"column":29}}},"5":{"name":"check","line":35,"loc":{"start":{"line":35,"column":0},"end":{"line":35,"column":31}}}},"statementMap":{"1":{"start":{"line":1,"column":0},"end":{"line":1,"column":64}},"2":{"start":{"line":2,"column":0},"end":{"line":2,"column":49}},"3":{"start":{"line":4,"column":0},"end":{"line":9,"column":1}},"4":{"start":{"line":5,"column":2},"end":{"line":8,"column":20}},"5":{"start":{"line":6,"column":4},"end":{"line":6,"column":91}},"6":{"start":{"line":7,"column":4},"end":{"line":7,"column":34}},"7":{"start":{"line":8,"column":11},"end":{"line":8,"column":18}},"8":{"start":{"line":11,"column":0},"end":{"line":23,"column":1}},"9":{"start":{"line":12,"column":2},"end":{"line":12,"column":37}},"10":{"start":{"line":13,"column":2},"end":{"line":13,"column":19}},"11":{"start":{"line":14,"column":2},"end":{"line":21,"column":3}},"12":{"start":{"line":15,"column":4},"end":{"line":20,"column":5}},"13":{"start":{"line":16,"column":6},"end":{"line":16,"column":20}},"14":{"start":{"line":17,"column":6},"end":{"line":17,"column":41}},"15":{"start":{"line":18,"column":6},"end":{"line":18,"column":119}},"16":{"start":{"line":19,"column":6},"end":{"line":19,"column":12}},"17":{"start":{"line":22,"column":2},"end":{"line":22,"column":24}},"18":{"start":{"line":22,"column":15},"end":{"line":22,"column":22}},"19":{"start":{"line":25,"column":0},"end":{"line":28,"column":1}},"20":{"start":{"line":26,"column":2},"end":{"line":26,"column":115}},"21":{"start":{"line":27,"column":2},"end":{"line":27,"column":9}},"22":{"start":{"line":30,"column":0},"end":{"line":33,"column":1}},"23":{"start":{"line":31,"column":2},"end":{"line":31,"column":30}},"24":{"start":{"line":32,"column":2},"end":{"line":32,"column":9}},"25":{"start":{"line":35,"column":0},"end":{"line":45,"column":1}},"26":{"start":{"line":36,"column":2},"end":{"line":36,"column":39}},"27":{"start":{"line":37,"column":2},"end":{"line":44,"column":20}},"28":{"start":{"line":38,"column":4},"end":{"line":38,"column":31}},"29":{"start":{"line":39,"column":4},"end":{"line":39,"column":21}},"30":{"start":{"line":40,"column":4},"end":{"line":42,"column":5}},"31":{"start":{"line":41,"column":6},"end":{"line":41,"column":38}},"32":{"start":{"line":43,"column":4},"end":{"line":43,"column":34}},"33":{"start":{"line":44,"column":11},"end":{"line":44,"column":18}},"34":{"start":{"line":46,"column":0},"end":{"line":52,"column":2}}},"branchMap":{"1":{"line":5,"type":"if","locations":[{"start":{"line":5,"column":2},"end":{"line":5,"column":2}},{"start":{"line":5,"column":2},"end":{"line":5,"column":2}}]},"2":{"line":15,"type":"if","locations":[{"start":{"line":15,"column":4},"end":{"line":15,"column":4}},{"start":{"line":15,"column":4},"end":{"line":15,"column":4}}]},"3":{"line":22,"type":"if","locations":[{"start":{"line":22,"column":2},"end":{"line":22,"column":2}},{"start":{"line":22,"column":2},"end":{"line":22,"column":2}}]},"4":{"line":37,"type":"if","locations":[{"start":{"line":37,"column":2},"end":{"line":37,"column":2}},{"start":{"line":37,"column":2},"end":{"line":37,"column":2}}]}}},"/home/sp/web_application/routes/routes.js":{"path":"/home/sp/web_application/routes/routes.js","s":{"1":1,"2":1,"3":1,"4":1,"5":1,"6":1,"7":1,"8":1,"9":1,"10":1},"b":{},"f":{},"fnMap":{},"statementMap":{"1":{"start":{"line":1,"column":0},"end":{"line":1,"column":35}},"2":{"start":{"line":2,"column":0},"end":{"line":2,"column":53}},"3":{"start":{"line":4,"column":0},"end":{"line":4,"column":31}},"4":{"start":{"line":6,"column":0},"end":{"line":8,"column":3}},"5":{"start":{"line":7,"column":2},"end":{"line":7,"column":34}},"6":{"start":{"line":9,"column":0},"end":{"line":11,"column":3}},"7":{"start":{"line":10,"column":2},"end":{"line":10,"column":61}},"8":{"start":{"line":13,"column":0},"end":{"line":15,"column":3}},"9":{"start":{"line":14,"column":2},"end":{"line":14,"column":34}},"10":{"start":{"line":17,"column":0},"end":{"line":17,"column":23}}},"branchMap":{}}}