TN:
SF:/home/sp/web_application/server.js
FN:39,(anonymous_0)
FNF:1
FNH:1
FNDA:1,(anonymous_0)
DA:1,1
DA:2,1
DA:3,1
DA:4,1
DA:6,1
DA:7,1
DA:8,1
DA:9,1
DA:10,1
DA:12,1
DA:14,1
DA:16,1
DA:19,1
DA:21,1
DA:27,1
DA:30,1
DA:32,1
DA:33,1
DA:34,1
DA:35,1
DA:37,1
DA:39,1
DA:40,1
DA:43,1
LF:24
LH:24
BRDA:37,0,0,1
BRDA:37,0,1,0
BRF:2
BRH:1
end_of_record
TN:
SF:/home/sp/web_application/config/db_config.js
FNF:0
FNH:0
DA:1,1
DA:8,1
LF:2
LH:2
BRF:0
BRH:0
end_of_record
TN:
SF:/home/sp/web_application/config/logger.js
FN:12,(anonymous_0)
FNF:1
FNH:1
FNDA:42,(anonymous_0)
DA:2,1
DA:5,1
DA:12,42
DA:17,1
LF:4
LH:4
BRF:0
BRH:0
end_of_record
TN:
SF:/home/sp/web_application/models/user.js
FNF:0
FNH:0
DA:1,1
DA:3,1
DA:10,1
LF:3
LH:3
BRF:0
BRH:0
end_of_record
TN:
SF:/home/sp/web_application/routes/routes.js
FN:6,(anonymous_0)
FN:9,(anonymous_1)
FN:13,(anonymous_2)
FNF:3
FNH:3
FNDA:1,(anonymous_0)
FNDA:1,(anonymous_1)
FNDA:1,(anonymous_2)
DA:1,1
DA:2,1
DA:4,1
DA:6,1
DA:7,1
DA:9,1
DA:10,1
DA:13,1
DA:14,1
DA:17,1
LF:10
LH:10
BRF:0
BRH:0
end_of_record
TN:
SF:/home/sp/web_application/routes/authors/author_controller.js
FN:3,getAuthorsData
FN:8,getAuthorDataById
FNF:2
FNH:2
FNDA:3,getAuthorsData
FNDA:3,getAuthorDataById
DA:1,1
DA:4,3
DA:5,3
DA:9,3
DA:10,3
DA:13,1
LF:6
LH:6
BRF:0
BRH:0
end_of_record
TN:
SF:/home/sp/web_application/routes/authors/author_route.js
FN:7,(anonymous_0)
FN:16,(anonymous_1)
FNF:2
FNH:2
FNDA:1,(anonymous_0)
FNDA:2,(anonymous_1)
DA:1,1
DA:2,1
DA:3,1
DA:5,1
DA:7,1
DA:8,1
DA:9,1
DA:10,1
DA:12,0
DA:16,1
DA:17,2
DA:18,2
DA:19,2
DA:20,2
DA:21,2
DA:22,1
DA:23,1
DA:25,0
DA:29,1
LF:19
LH:17
BRDA:19,0,0,2
BRDA:19,0,1,0
BRDA:21,1,0,1
BRDA:21,1,1,1
BRDA:21,2,0,2
BRDA:21,2,1,2
BRF:6
BRH:5
end_of_record
TN:
SF:/home/sp/web_application/routes/books/book_controller.js
FN:3,getBooksData
FN:8,getBookDataByIsbn
FNF:2
FNH:2
FNDA:3,getBooksData
FNDA:3,getBookDataByIsbn
DA:1,1
DA:4,3
DA:5,3
DA:9,3
DA:10,3
DA:13,1
LF:6
LH:6
BRF:0
BRH:0
end_of_record
TN:
SF:/home/sp/web_application/routes/books/book_route.js
FN:7,(anonymous_0)
FN:16,(anonymous_1)
FNF:2
FNH:2
FNDA:1,(anonymous_0)
FNDA:2,(anonymous_1)
DA:1,1
DA:2,1
DA:3,1
DA:5,1
DA:7,1
DA:8,1
DA:9,1
DA:10,1
DA:12,0
DA:16,1
DA:17,2
DA:18,2
DA:19,2
DA:20,2
DA:21,2
DA:22,1
DA:24,1
DA:27,0
DA:31,1
LF:19
LH:17
BRDA:19,0,0,2
BRDA:19,0,1,0
BRDA:21,1,0,1
BRDA:21,1,1,1
BRDA:21,2,0,2
BRDA:21,2,1,2
BRF:6
BRH:5
end_of_record
TN:
SF:/home/sp/web_application/routes/common/get_db_data.js
FN:4,execute
FNF:1
FNH:1
FNDA:12,execute
DA:1,1
DA:2,1
DA:5,12
DA:6,12
DA:8,12
DA:9,12
DA:10,12
DA:12,0
DA:15,0
DA:17,12
DA:19,12
DA:22,1
LF:12
LH:10
BRDA:5,0,0,12
BRDA:5,0,1,0
BRDA:9,1,0,12
BRDA:9,1,1,0
BRF:4
BRH:2
end_of_record
TN:
SF:/home/sp/web_application/routes/common/middleware.js
FN:4,redirectLoginPage
FN:11,validate
FN:25,cacheClear
FN:30,log
FN:35,check
FNF:5
FNH:4
FNDA:14,redirectLoginPage
FNDA:0,validate
FNDA:41,cacheClear
FNDA:41,log
FNDA:22,check
DA:1,1
DA:2,1
DA:5,14
DA:6,7
DA:7,7
DA:8,7
DA:12,0
DA:13,0
DA:14,0
DA:15,0
DA:16,0
DA:17,0
DA:18,0
DA:19,0
DA:22,0
DA:26,41
DA:27,41
DA:31,41
DA:32,41
DA:36,22
DA:37,22
DA:38,1
DA:39,1
DA:40,1
DA:41,2
DA:43,1
DA:44,21
DA:46,1
LF:28
LH:19
BRDA:5,0,0,7
BRDA:5,0,1,7
BRDA:15,1,0,0
BRDA:15,1,1,0
BRDA:22,2,0,0
BRDA:22,2,1,0
BRDA:37,3,0,1
BRDA:37,3,1,21
BRF:8
BRH:4
end_of_record
TN:
SF:/home/sp/web_application/routes/users/user_controller.js
FN:5,hash
FN:11,getConnection
FN:19,addUsertoDb
FN:38,findUserFromDb
FN:50,checkPassword
FNF:5
FNH:5
FNDA:1,hash
FNDA:24,getConnection
FNDA:1,addUsertoDb
FNDA:23,findUserFromDb
FNDA:1,checkPassword
DA:1,1
DA:2,1
DA:3,1
DA:6,1
DA:7,1
DA:12,24
DA:13,24
DA:14,24
DA:15,24
DA:16,24
DA:20,1
DA:21,1
DA:22,1
DA:29,1
DA:30,1
DA:32,0
DA:34,1
DA:35,1
DA:39,23
DA:41,23
DA:42,23
DA:44,0
DA:46,23
DA:47,23
DA:51,1
DA:52,1
DA:54,0
DA:57,1
LF:28
LH:25
BRDA:14,0,0,24
BRDA:14,0,1,0
BRDA:51,1,0,1
BRDA:51,1,1,0
BRF:4
BRH:2
end_of_record
TN:
SF:/home/sp/web_application/routes/users/users.js
FN:9,(anonymous_0)
FN:13,(anonymous_1)
FN:17,(anonymous_2)
FN:28,(anonymous_3)
FN:52,(anonymous_4)
FNF:5
FNH:5
FNDA:1,(anonymous_0)
FNDA:1,(anonymous_1)
FNDA:1,(anonymous_2)
FNDA:20,(anonymous_3)
FNDA:1,(anonymous_4)
DA:1,1
DA:2,1
DA:3,1
DA:4,1
DA:5,1
DA:7,1
DA:9,1
DA:10,1
DA:13,1
DA:14,1
DA:17,1
DA:18,1
DA:19,1
DA:22,1
DA:28,1
DA:29,20
DA:30,20
DA:31,20
DA:32,19
DA:33,18
DA:34,18
DA:35,18
DA:37,1
DA:40,1
DA:44,1
DA:52,1
DA:53,1
DA:54,1
DA:55,0
DA:56,0
DA:58,1
DA:59,1
DA:60,0
DA:61,0
DA:62,1
DA:65,1
LF:36
LH:32
BRDA:31,0,0,19
BRDA:31,0,1,1
BRDA:32,1,0,18
BRDA:32,1,1,1
BRDA:54,2,0,0
BRDA:54,2,1,1
BRDA:59,3,0,0
BRDA:59,3,1,1
BRF:8
BRH:6
end_of_record
