TN:
SF:/home/sp/mysql-API/server.js
FN:18,(anonymous_0)
FNF:1
FNH:1
FNDA:1,(anonymous_0)
DA:1,1
DA:2,1
DA:3,1
DA:4,1
DA:5,1
DA:6,1
DA:8,1
DA:11,1
DA:12,1
DA:13,1
DA:14,1
DA:16,1
DA:18,1
DA:19,1
DA:22,1
LF:15
LH:15
BRDA:16,0,0,1
BRDA:16,0,1,0
BRF:2
BRH:1
end_of_record
TN:
SF:/home/sp/mysql-API/config/db_config.js
FNF:0
FNH:0
DA:1,1
DA:8,1
LF:2
LH:2
BRF:0
BRH:0
end_of_record
TN:
SF:/home/sp/mysql-API/config/logger.js
FN:12,(anonymous_0)
FNF:1
FNH:1
FNDA:15,(anonymous_0)
DA:2,1
DA:5,1
DA:12,15
DA:17,1
LF:4
LH:4
BRF:0
BRH:0
end_of_record
TN:
SF:/home/sp/mysql-API/src/authors/author_controller.js
FN:3,getAuthorsData
FN:8,getAuthorDataById
FN:13,updateAuthorDataById
FN:28,insertAuthorData
FN:39,deleteAuthorDataById
FNF:5
FNH:5
FNDA:3,getAuthorsData
FNDA:3,getAuthorDataById
FNDA:1,updateAuthorDataById
FNDA:1,insertAuthorData
FNDA:1,deleteAuthorDataById
DA:1,1
DA:4,3
DA:5,3
DA:9,3
DA:10,3
DA:14,1
DA:20,1
DA:25,1
DA:29,1
DA:35,1
DA:36,1
DA:40,1
DA:41,1
DA:44,1
LF:14
LH:14
BRF:0
BRH:0
end_of_record
TN:
SF:/home/sp/mysql-API/src/authors/author_route.js
FN:6,(anonymous_0)
FN:15,(anonymous_1)
FN:25,(anonymous_2)
FN:36,(anonymous_3)
FN:46,(anonymous_4)
FNF:5
FNH:5
FNDA:1,(anonymous_0)
FNDA:1,(anonymous_1)
FNDA:1,(anonymous_2)
FNDA:1,(anonymous_3)
FNDA:3,(anonymous_4)
DA:1,1
DA:2,1
DA:4,1
DA:6,1
DA:7,1
DA:8,1
DA:9,1
DA:11,0
DA:15,1
DA:16,1
DA:17,1
DA:18,1
DA:19,1
DA:21,0
DA:25,1
DA:26,1
DA:27,1
DA:28,1
DA:29,1
DA:30,1
DA:32,0
DA:36,1
DA:37,1
DA:38,1
DA:39,1
DA:40,1
DA:42,0
DA:46,1
DA:47,3
DA:48,3
DA:49,3
DA:50,2
DA:51,2
DA:52,1
DA:53,1
DA:55,1
DA:59,1
LF:37
LH:33
BRDA:49,0,0,2
BRDA:49,0,1,1
BRDA:51,1,0,1
BRDA:51,1,1,1
BRDA:51,2,0,2
BRDA:51,2,1,2
BRF:6
BRH:6
end_of_record
TN:
SF:/home/sp/mysql-API/src/books/book_controller.js
FN:3,getBooksData
FN:8,getBookDataByIsbn
FN:13,updateBookDataByIsbn
FN:34,insertBookData
FN:50,deleteBookData
FNF:5
FNH:5
FNDA:3,getBooksData
FNDA:3,getBookDataByIsbn
FNDA:1,updateBookDataByIsbn
FNDA:1,insertBookData
FNDA:1,deleteBookData
DA:1,1
DA:4,3
DA:5,3
DA:9,3
DA:10,3
DA:14,1
DA:23,1
DA:31,1
DA:35,1
DA:46,1
DA:47,1
DA:51,1
DA:52,1
DA:55,1
LF:14
LH:14
BRF:0
BRH:0
end_of_record
TN:
SF:/home/sp/mysql-API/src/books/book_route.js
FN:6,(anonymous_0)
FN:15,(anonymous_1)
FN:25,(anonymous_2)
FN:36,(anonymous_3)
FN:46,(anonymous_4)
FNF:5
FNH:5
FNDA:1,(anonymous_0)
FNDA:1,(anonymous_1)
FNDA:1,(anonymous_2)
FNDA:1,(anonymous_3)
FNDA:3,(anonymous_4)
DA:1,1
DA:2,1
DA:4,1
DA:6,1
DA:7,1
DA:8,1
DA:9,1
DA:11,0
DA:15,1
DA:16,1
DA:17,1
DA:18,1
DA:19,1
DA:21,0
DA:25,1
DA:26,1
DA:27,1
DA:28,1
DA:29,1
DA:30,1
DA:32,0
DA:36,1
DA:37,1
DA:38,1
DA:39,1
DA:40,1
DA:42,0
DA:46,1
DA:47,3
DA:48,3
DA:49,3
DA:50,2
DA:51,2
DA:52,1
DA:54,1
DA:57,1
DA:61,1
LF:37
LH:33
BRDA:49,0,0,2
BRDA:49,0,1,1
BRDA:51,1,0,1
BRDA:51,1,1,1
BRDA:51,2,0,2
BRDA:51,2,1,2
BRF:6
BRH:6
end_of_record
TN:
SF:/home/sp/mysql-API/src/common/get_db_data.js
FN:4,execute
FNF:1
FNH:1
FNDA:18,execute
DA:1,1
DA:2,1
DA:5,18
DA:6,18
DA:8,18
DA:9,18
DA:10,18
DA:12,0
DA:15,0
DA:17,18
DA:19,18
DA:22,1
LF:12
LH:10
BRDA:5,0,0,18
BRDA:5,0,1,0
BRDA:9,1,0,18
BRDA:9,1,1,0
BRF:4
BRH:2
end_of_record
TN:
SF:/home/sp/mysql-API/src/common/middleware.js
FN:3,log
FNF:1
FNH:1
FNDA:14,log
DA:1,1
DA:4,14
DA:5,14
DA:8,1
LF:4
LH:4
BRF:0
BRH:0
end_of_record
